mode: set
myuseek/business/artists/usecase.go:14.71,19.2 1 1
myuseek/business/artists/usecase.go:22.87,24.23 1 1
myuseek/business/artists/usecase.go:27.2,27.24 1 1
myuseek/business/artists/usecase.go:31.2,31.31 1 1
myuseek/business/artists/usecase.go:35.2,35.30 1 1
myuseek/business/artists/usecase.go:39.2,41.16 2 1
myuseek/business/artists/usecase.go:45.2,45.20 1 1
myuseek/business/artists/usecase.go:24.23,26.3 1 1
myuseek/business/artists/usecase.go:27.24,29.3 1 1
myuseek/business/artists/usecase.go:31.31,33.3 1 1
myuseek/business/artists/usecase.go:35.30,37.3 1 1
myuseek/business/artists/usecase.go:41.16,43.3 1 0
myuseek/business/artists/usecase.go:48.76,52.16 2 1
myuseek/business/artists/usecase.go:56.2,56.30 1 1
myuseek/business/artists/usecase.go:52.16,54.3 1 0
myuseek/business/artists/usecase.go:59.92,60.20 1 1
myuseek/business/artists/usecase.go:63.2,65.16 2 1
myuseek/business/artists/usecase.go:69.2,69.29 1 1
myuseek/business/artists/usecase.go:73.2,73.26 1 1
myuseek/business/artists/usecase.go:60.20,62.3 1 1
myuseek/business/artists/usecase.go:65.16,67.3 1 0
myuseek/business/artists/usecase.go:69.29,71.3 1 0
myuseek/business/playlists/usecase.go:14.73,19.2 1 1
myuseek/business/playlists/usecase.go:22.87,24.23 1 1
myuseek/business/playlists/usecase.go:27.2,27.28 1 1
myuseek/business/playlists/usecase.go:31.2,33.16 2 1
myuseek/business/playlists/usecase.go:37.2,37.22 1 1
myuseek/business/playlists/usecase.go:24.23,26.3 1 1
myuseek/business/playlists/usecase.go:27.28,29.3 1 1
myuseek/business/playlists/usecase.go:33.16,35.3 1 0
myuseek/business/playlists/usecase.go:40.88,41.20 1 1
myuseek/business/playlists/usecase.go:45.2,47.16 2 1
myuseek/business/playlists/usecase.go:51.2,51.31 1 1
myuseek/business/playlists/usecase.go:55.2,55.28 1 1
myuseek/business/playlists/usecase.go:41.20,43.3 1 1
myuseek/business/playlists/usecase.go:47.16,49.3 1 0
myuseek/business/playlists/usecase.go:51.31,53.3 1 0
myuseek/business/playlists/usecase.go:58.88,59.20 1 1
myuseek/business/playlists/usecase.go:62.2,62.28 1 1
myuseek/business/playlists/usecase.go:65.2,67.16 2 1
myuseek/business/playlists/usecase.go:71.2,71.31 1 1
myuseek/business/playlists/usecase.go:75.2,75.36 1 1
myuseek/business/playlists/usecase.go:79.2,79.28 1 1
myuseek/business/playlists/usecase.go:59.20,61.3 1 1
myuseek/business/playlists/usecase.go:62.28,64.3 1 1
myuseek/business/playlists/usecase.go:67.16,69.3 1 0
myuseek/business/playlists/usecase.go:71.31,73.3 1 0
myuseek/business/playlists/usecase.go:75.36,77.3 1 0
myuseek/business/playlists/usecase.go:82.91,83.20 1 1
myuseek/business/playlists/usecase.go:86.2,86.28 1 1
myuseek/business/playlists/usecase.go:89.2,91.16 2 1
myuseek/business/playlists/usecase.go:95.2,95.31 1 1
myuseek/business/playlists/usecase.go:99.2,99.36 1 1
myuseek/business/playlists/usecase.go:103.2,103.28 1 1
myuseek/business/playlists/usecase.go:83.20,85.3 1 1
myuseek/business/playlists/usecase.go:86.28,88.3 1 1
myuseek/business/playlists/usecase.go:91.16,93.3 1 0
myuseek/business/playlists/usecase.go:95.31,97.3 1 0
myuseek/business/playlists/usecase.go:99.36,101.3 1 0
myuseek/business/playlists/usecase.go:106.80,110.16 2 1
myuseek/business/playlists/usecase.go:114.2,114.32 1 1
myuseek/business/playlists/usecase.go:110.16,112.3 1 0
myuseek/business/albums/usecase.go:14.70,19.2 1 1
myuseek/business/albums/usecase.go:22.81,24.24 1 1
myuseek/business/albums/usecase.go:27.2,27.27 1 1
myuseek/business/albums/usecase.go:31.2,33.16 2 1
myuseek/business/albums/usecase.go:37.2,37.19 1 1
myuseek/business/albums/usecase.go:24.24,26.3 1 1
myuseek/business/albums/usecase.go:27.27,29.3 1 1
myuseek/business/albums/usecase.go:33.16,35.3 1 0
myuseek/business/albums/usecase.go:40.74,44.16 2 1
myuseek/business/albums/usecase.go:48.2,48.29 1 1
myuseek/business/albums/usecase.go:44.16,46.3 1 0
myuseek/business/albums/usecase.go:51.90,52.20 1 1
myuseek/business/albums/usecase.go:56.2,58.16 2 1
myuseek/business/albums/usecase.go:62.2,62.29 1 1
myuseek/business/albums/usecase.go:66.2,66.25 1 1
myuseek/business/albums/usecase.go:52.20,54.3 1 1
myuseek/business/albums/usecase.go:58.16,60.3 1 0
myuseek/business/albums/usecase.go:62.29,64.3 1 0
myuseek/business/songs/usecase.go:14.69,19.2 1 1
myuseek/business/songs/usecase.go:22.80,24.24 1 1
myuseek/business/songs/usecase.go:27.2,27.27 1 1
myuseek/business/songs/usecase.go:31.2,31.26 1 1
myuseek/business/songs/usecase.go:35.2,35.27 1 1
myuseek/business/songs/usecase.go:39.2,41.16 2 1
myuseek/business/songs/usecase.go:45.2,45.18 1 1
myuseek/business/songs/usecase.go:24.24,26.3 1 1
myuseek/business/songs/usecase.go:27.27,29.3 1 1
myuseek/business/songs/usecase.go:31.26,33.3 1 1
myuseek/business/songs/usecase.go:35.27,37.3 1 1
myuseek/business/songs/usecase.go:41.16,43.3 1 0
myuseek/business/songs/usecase.go:48.72,52.16 2 1
myuseek/business/songs/usecase.go:56.2,56.28 1 1
myuseek/business/songs/usecase.go:52.16,54.3 1 0
myuseek/business/songs/usecase.go:59.88,60.20 1 1
myuseek/business/songs/usecase.go:64.2,66.16 2 1
myuseek/business/songs/usecase.go:70.2,70.28 1 1
myuseek/business/songs/usecase.go:74.2,74.24 1 1
myuseek/business/songs/usecase.go:60.20,62.3 1 1
myuseek/business/songs/usecase.go:66.16,68.3 1 0
myuseek/business/songs/usecase.go:70.28,72.3 1 0
myuseek/business/songs/usecase.go:77.90,78.20 1 1
myuseek/business/songs/usecase.go:82.2,84.16 2 1
myuseek/business/songs/usecase.go:88.2,88.28 1 1
myuseek/business/songs/usecase.go:92.2,92.24 1 1
myuseek/business/songs/usecase.go:78.20,80.3 1 1
myuseek/business/songs/usecase.go:84.16,86.3 1 0
myuseek/business/songs/usecase.go:88.28,90.3 1 0
myuseek/business/users/usecase.go:17.102,23.2 1 1
myuseek/business/users/usecase.go:26.85,28.28 1 1
myuseek/business/users/usecase.go:31.2,31.27 1 1
myuseek/business/users/usecase.go:35.2,35.27 1 1
myuseek/business/users/usecase.go:39.2,39.24 1 1
myuseek/business/users/usecase.go:43.2,43.27 1 1
myuseek/business/users/usecase.go:47.2,47.36 1 1
myuseek/business/users/usecase.go:52.2,55.16 3 1
myuseek/business/users/usecase.go:59.2,61.16 2 1
myuseek/business/users/usecase.go:65.2,65.18 1 1
myuseek/business/users/usecase.go:28.28,30.3 1 1
myuseek/business/users/usecase.go:31.27,33.3 1 1
myuseek/business/users/usecase.go:35.27,37.3 1 1
myuseek/business/users/usecase.go:39.24,41.3 1 1
myuseek/business/users/usecase.go:43.27,45.3 1 1
myuseek/business/users/usecase.go:47.36,49.3 1 1
myuseek/business/users/usecase.go:55.16,57.3 1 0
myuseek/business/users/usecase.go:61.16,63.3 1 0
myuseek/business/users/usecase.go:68.82,70.27 1 1
myuseek/business/users/usecase.go:74.2,74.27 1 1
myuseek/business/users/usecase.go:78.2,80.16 2 1
myuseek/business/users/usecase.go:84.2,84.66 1 1
myuseek/business/users/usecase.go:88.2,90.16 2 1
myuseek/business/users/usecase.go:94.2,94.18 1 1
myuseek/business/users/usecase.go:70.27,72.3 1 1
myuseek/business/users/usecase.go:74.27,76.3 1 1
myuseek/business/users/usecase.go:80.16,82.3 1 0
myuseek/business/users/usecase.go:84.66,86.3 1 0
myuseek/business/users/usecase.go:90.16,92.3 1 0
myuseek/business/users/usecase.go:97.72,101.16 2 1
myuseek/business/users/usecase.go:105.2,105.28 1 1
myuseek/business/users/usecase.go:101.16,103.3 1 0
myuseek/business/users/usecase.go:108.88,109.20 1 1
myuseek/business/users/usecase.go:112.2,114.16 2 1
myuseek/business/users/usecase.go:118.2,118.31 1 1
myuseek/business/users/usecase.go:122.2,122.24 1 1
myuseek/business/users/usecase.go:109.20,111.3 1 1
myuseek/business/users/usecase.go:114.16,116.3 1 0
myuseek/business/users/usecase.go:118.31,120.3 1 0
